#
# There is insufficient memory for the Java Runtime Environment to continue.
# Native memory allocation (mmap) failed to map 268435456 bytes for Failed to commit area from 0x0000000701400000 to 0x0000000711400000 of length 268435456.
# Possible reasons:
#   The system is out of physical RAM or swap space
#   The process is running with CompressedOops enabled, and the Java Heap may be blocking the growth of the native heap
# Possible solutions:
#   Reduce memory load on the system
#   Increase physical memory or swap space
#   Check if swap backing store is full
#   Decrease Java heap size (-Xmx/-Xms)
#   Decrease number of Java threads
#   Decrease Java thread stack sizes (-Xss)
#   Set larger code cache with -XX:ReservedCodeCacheSize=
# This output file may be truncated or incomplete.
#
#  Out of Memory Error (./src/hotspot/os/windows/os_windows.cpp:3521), pid=18916, tid=15540
#
# JRE version:  (11.0.13+8) (build )
# Java VM: OpenJDK 64-Bit Server VM (11.0.13+8-b1504.49, mixed mode, sharing, tiered, compressed oops, g1 gc, windows-amd64)
# No core dump will be written. Minidumps are not enabled by default on client versions of Windows
#

---------------  S U M M A R Y ------------

Command Line: git4idea.http.GitAskPassApp Username for 'https://github.com': 

Host: AMD FX(tm)-8300 Eight-Core Processor           , 8 cores, 15G,  Windows 10 , 64 bit Build 19041 (10.0.19041.1466)
Time: Sat Feb  5 22:48:32 2022 Egypt Standard Time elapsed time: 0.049896 seconds (0d 0h 0m 0s)

---------------  T H R E A D  ---------------

Current thread (0x000002221060d800):  JavaThread "Unknown thread" [_thread_in_vm, id=15540, stack(0x000000bd03600000,0x000000bd03700000)]

Stack: [0x000000bd03600000,0x000000bd03700000]
Native frames: (J=compiled Java code, j=interpreted, Vv=VM code, C=native code)
V  [jvm.dll+0x6131fa]
V  [jvm.dll+0x798f40]
V  [jvm.dll+0x79a55d]
V  [jvm.dll+0x79ac33]
V  [jvm.dll+0x24c038]
V  [jvm.dll+0x610514]
V  [jvm.dll+0x605105]
V  [jvm.dll+0x30a53b]
V  [jvm.dll+0x30a4aa]
V  [jvm.dll+0x30a382]
V  [jvm.dll+0x30f2e6]
V  [jvm.dll+0x358953]
V  [jvm.dll+0x359056]
V  [jvm.dll+0x358a53]
V  [jvm.dll+0x2e4f08]
V  [jvm.dll+0x2e60a7]
V  [jvm.dll+0x776017]
V  [jvm.dll+0x77780c]
V  [jvm.dll+0x365f19]
V  [jvm.dll+0x759c6e]
V  [jvm.dll+0x3d3fd3]
V  [jvm.dll+0x3d6571]
C  [jli.dll+0x536b]
C  [ucrtbase.dll+0x21bb2]
C  [KERNEL32.DLL+0x17034]
C  [ntdll.dll+0x52651]


---------------  P R O C E S S  ---------------

Threads class SMR info:
_java_thread_list=0x0000022210511010, length=0, elements={
}

Java Threads: ( => current thread )

Other Threads:
  0x0000022210627800 GCTaskThread "GC Thread#0" [stack: 0x000000bd03700000,0x000000bd03800000] [id=15208]
  0x0000022210683800 ConcurrentGCThread "G1 Main Marker" [stack: 0x000000bd03800000,0x000000bd03900000] [id=15068]
  0x0000022210686000 ConcurrentGCThread "G1 Conc#0" [stack: 0x000000bd03900000,0x000000bd03a00000] [id=17632]

[error occurred during error reporting (printing all threads), id 0xc0000005, EXCEPTION_ACCESS_VIOLATION (0xc0000005) at pc=0x00007ff907205547]

VM state:not at safepoint (not fully initialized)

VM Mutex/Monitor currently owned by a thread:  ([mutex/lock_event])
[0x000002221060b0f0] Heap_lock - owner thread: 0x000002221060d800

Heap address: 0x0000000701400000, size: 4076 MB, Compressed Oops mode: Non-zero based: 0x0000000701400000
Narrow klass base: 0x0000000000000000, Narrow klass shift: 0

GC Heap History (0 events):
No events

Deoptimization events (0 events):
No events

Classes redefined (0 events):
No events

Internal exceptions (0 events):
No events

Events (1 events):
Event: 0.023 Loaded shared library C:\Program Files\JetBrains\PyCharm 2021.2.3\jbr\bin\zip.dll


Dynamic libraries:
0x00007ff7d50d0000 - 0x00007ff7d50da000 	C:\Program Files\JetBrains\PyCharm 2021.2.3\jbr\bin\java.exe
0x00007ff964d30000 - 0x00007ff964f25000 	C:\WINDOWS\SYSTEM32\ntdll.dll
0x00007ff963fd0000 - 0x00007ff96408e000 	C:\WINDOWS\System32\KERNEL32.DLL
0x00007ff962940000 - 0x00007ff962c08000 	C:\WINDOWS\System32\KERNELBASE.dll
0x00007ff962790000 - 0x00007ff962890000 	C:\WINDOWS\System32\ucrtbase.dll
0x00007ff9406a0000 - 0x00007ff9406b9000 	C:\Program Files\JetBrains\PyCharm 2021.2.3\jbr\bin\jli.dll
0x00007ff933af0000 - 0x00007ff933b07000 	C:\Program Files\JetBrains\PyCharm 2021.2.3\jbr\bin\VCRUNTIME140.dll
0x00007ff9640f0000 - 0x00007ff964291000 	C:\WINDOWS\System32\USER32.dll
0x00007ff962ca0000 - 0x00007ff962cc2000 	C:\WINDOWS\System32\win32u.dll
0x00007ff963d20000 - 0x00007ff963d4b000 	C:\WINDOWS\System32\GDI32.dll
0x00007ff962470000 - 0x00007ff96257d000 	C:\WINDOWS\System32\gdi32full.dll
0x00007ff962cd0000 - 0x00007ff962d6d000 	C:\WINDOWS\System32\msvcp_win.dll
0x00007ff95cb00000 - 0x00007ff95cd9a000 	C:\WINDOWS\WinSxS\amd64_microsoft.windows.common-controls_6595b64144ccf1df_6.0.19041.1110_none_60b5254171f9507e\COMCTL32.dll
0x00007ff964a80000 - 0x00007ff964b1e000 	C:\WINDOWS\System32\msvcrt.dll
0x00007ff963130000 - 0x00007ff963160000 	C:\WINDOWS\System32\IMM32.DLL
0x00007ff918060000 - 0x00007ff9180fd000 	C:\Program Files\JetBrains\PyCharm 2021.2.3\jbr\bin\msvcp140.dll
0x00007ff906f10000 - 0x00007ff907a85000 	C:\Program Files\JetBrains\PyCharm 2021.2.3\jbr\bin\server\jvm.dll
0x00007ff963f20000 - 0x00007ff963fce000 	C:\WINDOWS\System32\ADVAPI32.dll
0x00007ff963e80000 - 0x00007ff963f1c000 	C:\WINDOWS\System32\sechost.dll
0x00007ff963b60000 - 0x00007ff963c85000 	C:\WINDOWS\System32\RPCRT4.dll
0x00007ff963a20000 - 0x00007ff963a28000 	C:\WINDOWS\System32\PSAPI.DLL
0x00007ff9525c0000 - 0x00007ff9525c9000 	C:\WINDOWS\SYSTEM32\WSOCK32.dll
0x00007ff9639b0000 - 0x00007ff963a1b000 	C:\WINDOWS\System32\WS2_32.dll
0x00007ff957ff0000 - 0x00007ff958017000 	C:\WINDOWS\SYSTEM32\WINMM.dll
0x00007ff960430000 - 0x00007ff96043a000 	C:\WINDOWS\SYSTEM32\VERSION.dll
0x00007ff960ce0000 - 0x00007ff960cf2000 	C:\WINDOWS\SYSTEM32\kernel.appcore.dll
0x00007ff955280000 - 0x00007ff955291000 	C:\Program Files\JetBrains\PyCharm 2021.2.3\jbr\bin\verify.dll
0x00007ff95aca0000 - 0x00007ff95ae84000 	C:\WINDOWS\SYSTEM32\DBGHELP.DLL
0x00007ff948750000 - 0x00007ff94877c000 	C:\WINDOWS\SYSTEM32\dbgcore.DLL
0x00007ff962c10000 - 0x00007ff962c92000 	C:\WINDOWS\System32\bcryptPrimitives.dll
0x00007ff930390000 - 0x00007ff9303b9000 	C:\Program Files\JetBrains\PyCharm 2021.2.3\jbr\bin\java.dll
0x00007ff95b6b0000 - 0x00007ff95b6bb000 	C:\Program Files\JetBrains\PyCharm 2021.2.3\jbr\bin\jimage.dll
0x00007ff945860000 - 0x00007ff945878000 	C:\Program Files\JetBrains\PyCharm 2021.2.3\jbr\bin\zip.dll

dbghelp: loaded successfully - version: 4.0.5 - missing functions: none
symbol engine: initialized successfully - sym options: 0x614 - pdb path: .;C:\Program Files\JetBrains\PyCharm 2021.2.3\jbr\bin;C:\WINDOWS\SYSTEM32;C:\WINDOWS\WinSxS\amd64_microsoft.windows.common-controls_6595b64144ccf1df_6.0.19041.1110_none_60b5254171f9507e;C:\Program Files\JetBrains\PyCharm 2021.2.3\jbr\bin\server

VM Arguments:
java_command: git4idea.http.GitAskPassApp Username for 'https://github.com': 
java_class_path (initial): C:/Program Files/JetBrains/PyCharm 2021.2.3/plugins/git4idea/lib/git4idea-rt.jar;C:/Program Files/JetBrains/PyCharm 2021.2.3/lib/3rd-party.jar
Launcher Type: SUN_STANDARD

[Global flags]
     intx CICompilerCount                          = 4                                         {product} {ergonomic}
     uint ConcGCThreads                            = 2                                         {product} {ergonomic}
     uint G1ConcRefinementThreads                  = 8                                         {product} {ergonomic}
   size_t G1HeapRegionSize                         = 1048576                                   {product} {ergonomic}
    uintx GCDrainStackTargetSize                   = 64                                        {product} {ergonomic}
   size_t InitialHeapSize                          = 268435456                                 {product} {ergonomic}
   size_t MarkStackSize                            = 4194304                                   {product} {ergonomic}
   size_t MaxHeapSize                              = 4273995776                                {product} {ergonomic}
   size_t MinHeapDeltaBytes                        = 1048576                                   {product} {ergonomic}
    uintx NonNMethodCodeHeapSize                   = 5836300                                {pd product} {ergonomic}
    uintx NonProfiledCodeHeapSize                  = 122910970                              {pd product} {ergonomic}
    uintx ProfiledCodeHeapSize                     = 122910970                              {pd product} {ergonomic}
    uintx ReservedCodeCacheSize                    = 251658240                              {pd product} {ergonomic}
     bool SegmentedCodeCache                       = true                                      {product} {ergonomic}
     bool UseCompressedClassPointers               = true                                 {lp64_product} {ergonomic}
     bool UseCompressedOops                        = true                                 {lp64_product} {ergonomic}
     bool UseG1GC                                  = true                                      {product} {ergonomic}
     bool UseLargePagesIndividualAllocation        = false                                  {pd product} {ergonomic}

Logging:
Log output configuration:
 #0: stdout all=warning uptime,level,tags
 #1: stderr all=off uptime,level,tags

Environment Variables:
PATH=C:/Program Files/Git/mingw64/libexec/git-core;C:/Program Files/Git/mingw64/libexec/git-core;C:\Program Files\Git\mingw64\bin;C:\Program Files\Git\usr\bin;C:\Users\John1\bin;C:\Users\John1\Desktop\ITI\Django\Scripts;C:\Program Files (x86)\Common Files\Oracle\Java\javapath;C:\Program Files (x86)\AMD APP\bin\x86_64;C:\WINDOWS\system32;C:\WINDOWS;C:\WINDOWS\System32\Wbem;C:\WINDOWS\System32\WindowsPowerShell\v1.0\;C:\Program Files (x86)\Windows Live\Shared;C:\TDM-GCC-64\bin;C:\WINDOWS\System32\OpenSSH\;C:\Program Files\nodejs\;C:\Program Files\Git\cmd;C:\Users\John1\AppData\Local\Programs\Python\Python39\Scripts\;C:\Users\John1\AppData\Local\Programs\Python\Python39\;C:\Program Files (x86)\AMD APP\bin\x86_64;C:\WINDOWS\system32;C:\WINDOWS;C:\WINDOWS\System32\Wbem;C:\WINDOWS\System32\WindowsPowerShell\v1.0\;C:\Program Files (x86)\Windows Live\Shared;C:\Program Files (x86)\AMD\ATI.ACE\Core-Static;C:\TDM-GCC-64\bin;C:\Python34\Scripts;C:\Users\John1\AppData\Local\Programs\Python\Python36\Scripts;C:\Users\John1\AppData\Local\Microsoft\WindowsApps;C:\Program Files\JetBrains\IntelliJ IDEA Community Edition 2019.2.3\bin;C:\Users\John1\AppData\Roaming\npm;C:\Users\John1\AppData\Local\Programs\MiKTeX\miktex\bin\x64\;C:\Program Files\JetBrains\PyCharm 2021.2.3\bin;C:\Users\John1\AppData\Local\GitHubDesktop\bin
USERNAME=John
DISPLAY=:0.0
LC_ALL=en_US.UTF-8
OS=Windows_NT
PROCESSOR_IDENTIFIER=AMD64 Family 21 Model 2 Stepping 0, AuthenticAMD



---------------  S Y S T E M  ---------------

OS: Windows 10 , 64 bit Build 19041 (10.0.19041.1466)
OS uptime: 1 days 8:59 hours

CPU:total 8 (initial active 8) (8 cores per cpu, 1 threads per core) family 21 model 2 stepping 0 microcode 0x0, cmov, cx8, fxsr, mmx, sse, sse2, sse3, ssse3, sse4.1, sse4.2, popcnt, avx, aes, clmul, mmxext, 3dnowpref, lzcnt, sse4a, tsc, tscinvbit, tscinv, bmi1, fma

Memory: 4k page, system-wide physical 16299M (7029M free)
TotalPageFile size 19232M (AvailPageFile size 137M)
current process WorkingSet (physical memory assigned to process): 10M, peak: 10M
current process commit charge ("private bytes"): 60M, peak: 316M

vm_info: OpenJDK 64-Bit Server VM (11.0.13+8-b1504.49) for windows-amd64 JRE (11.0.13+8-b1504.49), built on Nov  5 2021 09:56:39 by "" with MS VC++ 14.0 (VS2015)

END.
